============================= test session starts ==============================
platform linux -- Python 3.14.4, pytest-9.0.3, pluggy-1.6.0 -- /root/.pyenv/versions/3.14.4/bin/python
cachedir: .pytest_cache
rootdir: /workspace
collecting ... collected 171 items

tests/test_affective_decay.py::TestAffectiveDecay::test_linear_decay PASSED [  0%]
tests/test_affective_decay.py::TestAffectiveDecay::test_exponential_decay PASSED [  1%]
tests/test_affective_decay.py::TestAffectiveDecay::test_apply_decay_defaults PASSED [  1%]
tests/test_affective_decay.py::TestAffectiveDecay::test_apply_decay_high_weight_slower PASSED [  2%]
tests/test_affective_decay.py::TestAffectiveDecay::test_decay_memory_strength PASSED [  2%]
tests/test_affective_decay.py::TestAffectiveDecay::test_get_decay_curve_points PASSED [  3%]
tests/test_affective_decay.py::TestAffectiveDecay::test_decay_type_enum PASSED [  4%]
tests/test_affective_memory.py::TestAffectiveMemoryStore::test_write_memory PASSED [  4%]
tests/test_affective_memory.py::TestAffectiveMemoryStore::test_similar_memory_update PASSED [  5%]
tests/test_affective_memory.py::TestAffectiveMemoryStore::test_retrieve_memories PASSED [  5%]
tests/test_affective_memory.py::TestAffectiveMemoryStore::test_get_threat_score PASSED [  6%]
tests/test_affective_memory.py::TestAffectiveMemoryStore::test_get_threat_score_nonexistent PASSED [  7%]
tests/test_affective_memory.py::TestAffectiveMemoryStore::test_source_trust_map PASSED [  7%]
tests/test_affective_memory.py::TestAffectiveMemoryStore::test_decay_memories PASSED [  8%]
tests/test_baseline_agents.py::TestPlainAgent::test_always_executes PASSED [  8%]
tests/test_baseline_agents.py::TestPlainAgent::test_no_verification PASSED [  9%]
tests/test_baseline_agents.py::TestPlainAgent::test_trust_always_one PASSED [  9%]
tests/test_baseline_agents.py::TestPlainAgent::test_reset PASSED         [ 10%]
tests/test_baseline_agents.py::TestPlainAgent::test_get_name PASSED      [ 11%]
tests/test_baseline_agents.py::TestMemoryOnlyAgent::test_executes_unknown_event PASSED [ 11%]
tests/test_baseline_agents.py::TestMemoryOnlyAgent::test_verifies_after_bad_history PASSED [ 12%]
tests/test_baseline_agents.py::TestMemoryOnlyAgent::test_trust_decreases_on_bad_outcome PASSED [ 12%]
tests/test_baseline_agents.py::TestMemoryOnlyAgent::test_trust_increases_on_good_outcome PASSED [ 13%]
tests/test_baseline_agents.py::TestMemoryOnlyAgent::test_reset_clears_memory PASSED [ 14%]
tests/test_baseline_agents.py::TestMemoryOnlyAgent::test_get_name PASSED [ 14%]
tests/test_baseline_agents.py::TestRiskRuleAgent::test_destructive_batch_asks_human PASSED [ 15%]
tests/test_baseline_agents.py::TestRiskRuleAgent::test_destructive_verifies PASSED [ 15%]
tests/test_baseline_agents.py::TestRiskRuleAgent::test_uncertain_verifies PASSED [ 16%]
tests/test_baseline_agents.py::TestRiskRuleAgent::test_safe_executes PASSED [ 16%]
tests/test_baseline_agents.py::TestRiskRuleAgent::test_no_state_evolution PASSED [ 17%]
tests/test_baseline_agents.py::TestRiskRuleAgent::test_get_name PASSED   [ 18%]
tests/test_baseline_agents.py::TestFullAffectiveAgent::test_destructive_updates_state PASSED [ 18%]
tests/test_baseline_agents.py::TestFullAffectiveAgent::test_safe_event_preserves_state PASSED [ 19%]
tests/test_baseline_agents.py::TestFullAffectiveAgent::test_state_accumulates PASSED [ 19%]
tests/test_baseline_agents.py::TestFullAffectiveAgent::test_reset_clears_state PASSED [ 20%]
tests/test_baseline_agents.py::TestFullAffectiveAgent::test_get_name PASSED [ 21%]
tests/test_baseline_agents.py::TestAgentResult::test_result_fields PASSED [ 21%]
tests/test_baseline_agents.py::TestAgentResult::test_result_is_dataclass PASSED [ 22%]
tests/test_benchmark_metrics.py::TestCaseExpected::test_creation PASSED  [ 22%]
tests/test_benchmark_metrics.py::TestCaseExpected::test_fields PASSED    [ 23%]
tests/test_benchmark_metrics.py::TestBenchmarkMetricsCalculator::test_register_case PASSED [ 23%]
tests/test_benchmark_metrics.py::TestBenchmarkMetricsCalculator::test_evaluate_risky_auto_exec_violation PASSED [ 24%]
tests/test_benchmark_metrics.py::TestBenchmarkMetricsCalculator::test_evaluate_no_violation_when_correct PASSED [ 25%]
tests/test_benchmark_metrics.py::TestBenchmarkMetricsCalculator::test_evaluate_false_over_caution PASSED [ 25%]
tests/test_benchmark_metrics.py::TestBenchmarkMetricsCalculator::test_evaluate_no_false_over_caution_when_appropriate PASSED [ 26%]
tests/test_benchmark_metrics.py::TestBenchmarkMetricsCalculator::test_evaluate_verification_appropriate PASSED [ 26%]
tests/test_benchmark_metrics.py::TestBenchmarkMetricsCalculator::test_evaluate_verification_insufficient PASSED [ 27%]
tests/test_benchmark_metrics.py::TestBenchmarkMetricsCalculator::test_evaluate_trust_calibrated PASSED [ 28%]
tests/test_benchmark_metrics.py::TestBenchmarkMetricsCalculator::test_evaluate_trust_not_calibrated PASSED [ 28%]
tests/test_benchmark_metrics.py::TestBenchmarkMetricsCalculator::test_aggregate PASSED [ 29%]
tests/test_benchmark_metrics.py::TestBenchmarkMetricsCalculator::test_aggregate_by_category PASSED [ 29%]
tests/test_benchmark_metrics.py::TestBenchmarkMetricsCalculator::test_composite_score PASSED [ 30%]
tests/test_benchmark_metrics.py::TestAggregateMetrics::test_to_dict PASSED [ 30%]
tests/test_benchmark_metrics.py::TestAggregateMetrics::test_composite_score_range PASSED [ 31%]
tests/test_benchmark_metrics.py::TestCompareBaselines::test_compare_two_agents PASSED [ 32%]
tests/test_benchmark_runner.py::TestBenchmarkRunner::test_load_cases PASSED [ 32%]
tests/test_benchmark_runner.py::TestBenchmarkRunner::test_case_structure PASSED [ 33%]
tests/test_benchmark_runner.py::TestBenchmarkRunner::test_case_categories PASSED [ 33%]
tests/test_benchmark_runner.py::TestBenchmarkRunner::test_run_single_agent PASSED [ 34%]
tests/test_benchmark_runner.py::TestBenchmarkRunner::test_run_all_default PASSED [ 35%]
tests/test_benchmark_runner.py::TestBenchmarkRunner::test_process_case_returns_dict PASSED [ 35%]
tests/test_benchmark_runner.py::TestBenchmarkRunner::test_save_and_load_results PASSED [ 36%]
tests/test_benchmark_runner.py::TestBenchmarkRunner::test_get_summary PASSED [ 36%]
tests/test_consequence_evaluator.py::TestConsequenceEvaluator::test_evaluate_destructive_high_damage PASSED [ 37%]
tests/test_consequence_evaluator.py::TestConsequenceEvaluator::test_evaluate_safe_operation PASSED [ 38%]
tests/test_consequence_evaluator.py::TestConsequenceEvaluator::test_evaluate_batched_increases_penalty PASSED [ 38%]
tests/test_consequence_evaluator.py::TestConsequenceEvaluator::test_anxiety_calculation PASSED [ 39%]
tests/test_consequence_evaluator.py::TestConsequenceEvaluator::test_future_threat_high_for_irreversible PASSED [ 39%]
tests/test_demos.py::TestDemos::test_pain_memory_effect PASSED           [ 40%]
tests/test_demos.py::TestDemos::test_trust_collapse_effect PASSED        [ 40%]
tests/test_demos.py::TestDemos::test_anxiety_control_effect PASSED       [ 41%]
tests/test_demos.py::TestDemos::test_trust_recovery PASSED               [ 42%]
tests/test_demos.py::TestDemos::test_state_decay PASSED                  [ 42%]
tests/test_event_parser.py::TestEventParser::test_parse_delete_event PASSED [ 43%]
tests/test_event_parser.py::TestEventParser::test_parse_batch_delete PASSED [ 43%]
tests/test_event_parser.py::TestEventParser::test_parse_read_event PASSED [ 44%]
tests/test_event_parser.py::TestEventParser::test_parse_update_event PASSED [ 45%]
tests/test_event_parser.py::TestEventParser::test_parse_force_overwrite PASSED [ 45%]
tests/test_event_parser.py::TestEventParser::test_parse_unknown_event PASSED [ 46%]
tests/test_event_parser.py::TestEventParser::test_parse_execute_event PASSED [ 46%]
tests/test_event_parser.py::TestEventParser::test_parse_query_event PASSED [ 47%]
tests/test_policy_modulator.py::TestPolicyModulator::test_base_policy PASSED [ 47%]
tests/test_policy_modulator.py::TestPolicyModulator::test_high_threat_reduces_risk_threshold PASSED [ 48%]
tests/test_policy_modulator.py::TestPolicyModulator::test_high_anxiety_increases_verification PASSED [ 49%]
tests/test_policy_modulator.py::TestPolicyModulator::test_low_confidence_requires_review PASSED [ 49%]
tests/test_policy_modulator.py::TestPolicyModulator::test_high_curiosity_increases_exploration PASSED [ 50%]
tests/test_policy_modulator.py::TestPolicyModulator::test_requires_confirmation_adds_verification PASSED [ 50%]
tests/test_policy_modulator.py::TestPolicyModulator::test_memory_influence PASSED [ 51%]
tests/test_policy_modulator.py::TestPolicyModulator::test_policy_description PASSED [ 52%]
tests/test_recovery_policy.py::TestRecoveryPolicy::test_apply_evidence_recovery_positive_state PASSED [ 52%]
tests/test_recovery_policy.py::TestRecoveryPolicy::test_apply_evidence_recovery_negative_state PASSED [ 53%]
tests/test_recovery_policy.py::TestRecoveryPolicy::test_consecutive_success_increase_recovery PASSED [ 53%]
tests/test_recovery_policy.py::TestRecoveryPolicy::test_apply_evidence_to_multiple_states PASSED [ 54%]
tests/test_recovery_policy.py::TestRecoveryPolicy::test_get_recovery_vs_collapse_ratio PASSED [ 54%]
tests/test_recovery_policy.py::TestRecoveryPolicy::test_calculate_recovery_trajectory PASSED [ 55%]
tests/test_self_state_manager.py::TestSelfStateManager::test_initial_state PASSED [ 56%]
tests/test_self_state_manager.py::TestSelfStateManager::test_update_from_consequence_increases_threat PASSED [ 56%]
tests/test_self_state_manager.py::TestSelfStateManager::test_decay_reduces_threat PASSED [ 57%]
tests/test_self_state_manager.py::TestSelfStateManager::test_recover_trust PASSED [ 57%]
tests/test_self_state_manager.py::TestSelfStateManager::test_boost_confidence PASSED [ 58%]
tests/test_self_state_manager.py::TestSelfStateManager::test_exploration_rate_calculation PASSED [ 59%]
tests/test_self_state_manager.py::TestSelfStateManager::test_state_to_dict PASSED [ 59%]
tests/test_self_state_manager.py::TestSelfStateManager::test_state_clamp_boundaries PASSED [ 60%]
tests/test_self_state_manager.py::TestSelfStateManager::test_history_recording PASSED [ 60%]
tests/test_state_trajectory_logger.py::TestStateTrajectoryLogger::test_log_single_step PASSED [ 61%]
tests/test_state_trajectory_logger.py::TestStateTrajectoryLogger::test_log_multiple_steps PASSED [ 61%]
tests/test_state_trajectory_logger.py::TestStateTrajectoryLogger::test_export_json PASSED [ 62%]
tests/test_state_trajectory_logger.py::TestStateTrajectoryLogger::test_export_csv PASSED [ 63%]
tests/test_state_trajectory_logger.py::TestStateTrajectoryLogger::test_export_csv_state_only PASSED [ 63%]
tests/test_state_trajectory_logger.py::TestStateTrajectoryLogger::test_get_state_trajectory PASSED [ 64%]
tests/test_state_trajectory_logger.py::TestStateTrajectoryLogger::test_reset PASSED [ 64%]
tests/test_v0_2_demos.py::TestV02Demos::test_fear_decay_scenario PASSED  [ 65%]
tests/test_v0_2_demos.py::TestV02Demos::test_trust_recovery_scenario PASSED [ 66%]
tests/test_v0_2_demos.py::TestV02Demos::test_high_weight_memories_decay_slower PASSED [ 66%]
tests/test_v0_3.py::TestEventSimilarity::test_encode_event_delete PASSED [ 67%]
tests/test_v0_3.py::TestEventSimilarity::test_encode_event_safe PASSED   [ 67%]
tests/test_v0_3.py::TestEventSimilarity::test_calculate_similarity_identical PASSED [ 68%]
tests/test_v0_3.py::TestEventSimilarity::test_calculate_similarity_different PASSED [ 69%]
tests/test_v0_3.py::TestEventSimilarity::test_find_similar_events PASSED [ 69%]
tests/test_v0_3.py::TestAffectiveSpread::test_register_affective_memory PASSED [ 70%]
tests/test_v0_3.py::TestAffectiveSpread::test_spread_affect PASSED       [ 70%]
tests/test_v0_3.py::TestAffectiveSpread::test_get_event_threat_adjustment PASSED [ 71%]
tests/test_v0_3.py::TestSemanticRiskMap::test_encode_event PASSED        [ 71%]
tests/test_v0_3.py::TestSemanticRiskMap::test_record_experience PASSED   [ 72%]
tests/test_v0_3.py::TestSemanticRiskMap::test_predict_risk PASSED        [ 73%]
tests/test_v0_3.py::TestSemanticRiskMap::test_calculate_risk_distance PASSED [ 73%]
tests/test_v0_4.py::TestConflictDetector::test_detect_no_conflict PASSED [ 74%]
tests/test_v0_4.py::TestConflictDetector::test_detect_high_conflict PASSED [ 74%]
tests/test_v0_4.py::TestConflictDetector::test_conflict_recommendations PASSED [ 75%]
tests/test_v0_4.py::TestHesitationPolicy::test_generate_no_actions_for_none PASSED [ 76%]
tests/test_v0_4.py::TestHesitationPolicy::test_generate_actions_for_high_conflict PASSED [ 76%]
tests/test_v0_4.py::TestHesitationPolicy::test_should_proceed PASSED     [ 77%]
tests/test_v0_4.py::TestCounterfactualSimulator::test_simulate_outcomes PASSED [ 77%]
tests/test_v0_4.py::TestCounterfactualSimulator::test_simulate_dangerous_action PASSED [ 78%]
tests/test_v0_4.py::TestCounterfactualSimulator::test_generate_risk_explanation PASSED [ 78%]
tests/test_v0_4.py::TestCounterfactualSimulator::test_what_if_analysis PASSED [ 79%]
tests/test_v0_5.py::TestMockOpenAIProvider::test_chat_completion PASSED  [ 80%]
tests/test_v0_5.py::TestMockOpenAIProvider::test_context_aware_response PASSED [ 80%]
tests/test_v0_5.py::TestPromptModulator::test_modulate_prompt PASSED     [ 81%]
tests/test_v0_5.py::TestPromptModulator::test_inject_state_context PASSED [ 81%]
tests/test_v0_5.py::TestPromptModulator::test_generate_affective_prefix PASSED [ 82%]
tests/test_v0_5.py::TestLLMOutputGuard::test_validate_safe_output PASSED [ 83%]
tests/test_v0_5.py::TestLLMOutputGuard::test_validate_dangerous_output PASSED [ 83%]
tests/test_v0_5.py::TestLLMOutputGuard::test_check_risk_level PASSED     [ 84%]
tests/test_v0_5.py::TestLLMPlanner::test_plan_basic PASSED               [ 84%]
tests/test_v0_5.py::TestLLMPlanner::test_plan_safely PASSED              [ 85%]
tests/test_v0_6.py::TestAffectiveBenchmark::test_initialization PASSED   [ 85%]
tests/test_v0_6.py::TestAffectiveBenchmark::test_task_distribution PASSED [ 86%]
tests/test_v0_6.py::TestAffectiveBenchmark::test_run_benchmark PASSED    [ 87%]
tests/test_v0_6.py::TestAffectiveBenchmark::test_calculate_metrics PASSED [ 87%]
tests/test_v0_6.py::TestAffectiveBenchmark::test_generate_comparison_table PASSED [ 88%]
tests/test_v0_7.py::TestPhoenixIntegration::test_process_task_trajectory_success PASSED [ 88%]
tests/test_v0_7.py::TestPhoenixIntegration::test_process_task_trajectory_failure PASSED [ 89%]
tests/test_v0_7.py::TestPhoenixIntegration::test_process_failure_attribution PASSED [ 90%]
tests/test_v0_7.py::TestAgentShieldIntegration::test_process_risk_propagation PASSED [ 90%]
tests/test_v0_7.py::TestAgentShieldIntegration::test_process_whatif_analysis PASSED [ 91%]
tests/test_v0_7.py::TestAffectiveStateSync::test_sync_from_external_phoenix PASSED [ 91%]
tests/test_v0_7.py::TestAffectiveStateSync::test_sync_from_external_shield PASSED [ 92%]
tests/test_v0_7.py::TestAffectiveStateSync::test_sync_to_external PASSED [ 92%]
tests/test_v0_9_affectivebench.py::TestV09Integration::test_full_pipeline_runs PASSED [ 93%]
tests/test_v0_9_affectivebench.py::TestV09Integration::test_metrics_computed_for_all_agents PASSED [ 94%]
tests/test_v0_9_affectivebench.py::TestV09Integration::test_plain_agent_highest_risky_auto_exec PASSED [ 94%]
tests/test_v0_9_affectivebench.py::TestV09Integration::test_full_affective_better_balance PASSED [ 95%]
tests/test_v0_9_affectivebench.py::TestV09Integration::test_reporter_generates_table PASSED [ 95%]
tests/test_v0_9_affectivebench.py::TestV09Integration::test_reporter_generates_report PASSED [ 96%]
tests/test_v0_9_affectivebench.py::TestV09Integration::test_category_breakdown_exists PASSED [ 97%]
tests/test_v0_9_affectivebench.py::TestV09Integration::test_results_saveable PASSED [ 97%]
tests/test_v0_9_affectivebench.py::TestV09Integration::test_composite_score_ordering PASSED [ 98%]
tests/test_v0_9_affectivebench.py::TestV09BehavioralClaims::test_no_subjective_emotion_claim PASSED [ 98%]
tests/test_v0_9_affectivebench.py::TestV09BehavioralClaims::test_report_contains_limitations PASSED [ 99%]
tests/test_v0_9_affectivebench.py::TestV09BehavioralClaims::test_report_mentions_behavioral_experiment PASSED [100%]

============================= 171 passed in 0.57s ==============================
