============================= test session starts ==============================
platform linux -- Python 3.14.4, pytest-9.0.3, pluggy-1.6.0 -- /root/.pyenv/versions/3.14.4/bin/python
cachedir: .pytest_cache
rootdir: /workspace
collecting ... collected 249 items

tests/test_affective_decay.py::TestAffectiveDecay::test_linear_decay PASSED [  0%]
tests/test_affective_decay.py::TestAffectiveDecay::test_exponential_decay PASSED [  0%]
tests/test_affective_decay.py::TestAffectiveDecay::test_apply_decay_defaults PASSED [  1%]
tests/test_affective_decay.py::TestAffectiveDecay::test_apply_decay_high_weight_slower PASSED [  1%]
tests/test_affective_decay.py::TestAffectiveDecay::test_decay_memory_strength PASSED [  2%]
tests/test_affective_decay.py::TestAffectiveDecay::test_get_decay_curve_points PASSED [  2%]
tests/test_affective_decay.py::TestAffectiveDecay::test_decay_type_enum PASSED [  2%]
tests/test_affective_memory.py::TestAffectiveMemoryStore::test_write_memory PASSED [  3%]
tests/test_affective_memory.py::TestAffectiveMemoryStore::test_similar_memory_update PASSED [  3%]
tests/test_affective_memory.py::TestAffectiveMemoryStore::test_retrieve_memories PASSED [  4%]
tests/test_affective_memory.py::TestAffectiveMemoryStore::test_get_threat_score PASSED [  4%]
tests/test_affective_memory.py::TestAffectiveMemoryStore::test_get_threat_score_nonexistent PASSED [  4%]
tests/test_affective_memory.py::TestAffectiveMemoryStore::test_source_trust_map PASSED [  5%]
tests/test_affective_memory.py::TestAffectiveMemoryStore::test_decay_memories PASSED [  5%]
tests/test_baseline_agents.py::TestPlainAgent::test_always_executes PASSED [  6%]
tests/test_baseline_agents.py::TestPlainAgent::test_no_verification PASSED [  6%]
tests/test_baseline_agents.py::TestPlainAgent::test_trust_always_one PASSED [  6%]
tests/test_baseline_agents.py::TestPlainAgent::test_reset PASSED         [  7%]
tests/test_baseline_agents.py::TestPlainAgent::test_get_name PASSED      [  7%]
tests/test_baseline_agents.py::TestMemoryOnlyAgent::test_executes_unknown_event PASSED [  8%]
tests/test_baseline_agents.py::TestMemoryOnlyAgent::test_verifies_after_bad_history PASSED [  8%]
tests/test_baseline_agents.py::TestMemoryOnlyAgent::test_trust_decreases_on_bad_outcome PASSED [  8%]
tests/test_baseline_agents.py::TestMemoryOnlyAgent::test_trust_increases_on_good_outcome PASSED [  9%]
tests/test_baseline_agents.py::TestMemoryOnlyAgent::test_reset_clears_memory PASSED [  9%]
tests/test_baseline_agents.py::TestMemoryOnlyAgent::test_get_name PASSED [ 10%]
tests/test_baseline_agents.py::TestRiskRuleAgent::test_destructive_batch_asks_human PASSED [ 10%]
tests/test_baseline_agents.py::TestRiskRuleAgent::test_destructive_verifies PASSED [ 10%]
tests/test_baseline_agents.py::TestRiskRuleAgent::test_uncertain_verifies PASSED [ 11%]
tests/test_baseline_agents.py::TestRiskRuleAgent::test_safe_executes PASSED [ 11%]
tests/test_baseline_agents.py::TestRiskRuleAgent::test_no_state_evolution PASSED [ 12%]
tests/test_baseline_agents.py::TestRiskRuleAgent::test_get_name PASSED   [ 12%]
tests/test_baseline_agents.py::TestFullAffectiveAgent::test_destructive_updates_state PASSED [ 12%]
tests/test_baseline_agents.py::TestFullAffectiveAgent::test_safe_event_preserves_state PASSED [ 13%]
tests/test_baseline_agents.py::TestFullAffectiveAgent::test_state_accumulates PASSED [ 13%]
tests/test_baseline_agents.py::TestFullAffectiveAgent::test_reset_clears_state PASSED [ 14%]
tests/test_baseline_agents.py::TestFullAffectiveAgent::test_get_name PASSED [ 14%]
tests/test_baseline_agents.py::TestAgentResult::test_result_fields PASSED [ 14%]
tests/test_baseline_agents.py::TestAgentResult::test_result_is_dataclass PASSED [ 15%]
tests/test_benchmark_metrics.py::TestCaseExpected::test_creation PASSED  [ 15%]
tests/test_benchmark_metrics.py::TestCaseExpected::test_fields PASSED    [ 16%]
tests/test_benchmark_metrics.py::TestBenchmarkMetricsCalculator::test_register_case PASSED [ 16%]
tests/test_benchmark_metrics.py::TestBenchmarkMetricsCalculator::test_evaluate_risky_auto_exec_violation PASSED [ 16%]
tests/test_benchmark_metrics.py::TestBenchmarkMetricsCalculator::test_evaluate_no_violation_when_correct PASSED [ 17%]
tests/test_benchmark_metrics.py::TestBenchmarkMetricsCalculator::test_evaluate_false_over_caution PASSED [ 17%]
tests/test_benchmark_metrics.py::TestBenchmarkMetricsCalculator::test_evaluate_no_false_over_caution_when_appropriate PASSED [ 18%]
tests/test_benchmark_metrics.py::TestBenchmarkMetricsCalculator::test_evaluate_verification_appropriate PASSED [ 18%]
tests/test_benchmark_metrics.py::TestBenchmarkMetricsCalculator::test_evaluate_verification_insufficient PASSED [ 18%]
tests/test_benchmark_metrics.py::TestBenchmarkMetricsCalculator::test_evaluate_trust_calibrated PASSED [ 19%]
tests/test_benchmark_metrics.py::TestBenchmarkMetricsCalculator::test_evaluate_trust_not_calibrated PASSED [ 19%]
tests/test_benchmark_metrics.py::TestBenchmarkMetricsCalculator::test_aggregate PASSED [ 20%]
tests/test_benchmark_metrics.py::TestBenchmarkMetricsCalculator::test_aggregate_by_category PASSED [ 20%]
tests/test_benchmark_metrics.py::TestBenchmarkMetricsCalculator::test_composite_score PASSED [ 20%]
tests/test_benchmark_metrics.py::TestAggregateMetrics::test_to_dict PASSED [ 21%]
tests/test_benchmark_metrics.py::TestAggregateMetrics::test_composite_score_range PASSED [ 21%]
tests/test_benchmark_metrics.py::TestCompareBaselines::test_compare_two_agents PASSED [ 22%]
tests/test_benchmark_runner.py::TestBenchmarkRunner::test_load_cases PASSED [ 22%]
tests/test_benchmark_runner.py::TestBenchmarkRunner::test_case_structure PASSED [ 22%]
tests/test_benchmark_runner.py::TestBenchmarkRunner::test_case_categories PASSED [ 23%]
tests/test_benchmark_runner.py::TestBenchmarkRunner::test_run_single_agent PASSED [ 23%]
tests/test_benchmark_runner.py::TestBenchmarkRunner::test_run_all_default PASSED [ 24%]
tests/test_benchmark_runner.py::TestBenchmarkRunner::test_process_case_returns_dict PASSED [ 24%]
tests/test_benchmark_runner.py::TestBenchmarkRunner::test_save_and_load_results PASSED [ 24%]
tests/test_benchmark_runner.py::TestBenchmarkRunner::test_get_summary PASSED [ 25%]
tests/test_consequence_evaluator.py::TestConsequenceEvaluator::test_evaluate_destructive_high_damage PASSED [ 25%]
tests/test_consequence_evaluator.py::TestConsequenceEvaluator::test_evaluate_safe_operation PASSED [ 26%]
tests/test_consequence_evaluator.py::TestConsequenceEvaluator::test_evaluate_batched_increases_penalty PASSED [ 26%]
tests/test_consequence_evaluator.py::TestConsequenceEvaluator::test_anxiety_calculation PASSED [ 26%]
tests/test_consequence_evaluator.py::TestConsequenceEvaluator::test_future_threat_high_for_irreversible PASSED [ 27%]
tests/test_demos.py::TestDemos::test_pain_memory_effect PASSED           [ 27%]
tests/test_demos.py::TestDemos::test_trust_collapse_effect PASSED        [ 28%]
tests/test_demos.py::TestDemos::test_anxiety_control_effect PASSED       [ 28%]
tests/test_demos.py::TestDemos::test_trust_recovery PASSED               [ 28%]
tests/test_demos.py::TestDemos::test_state_decay PASSED                  [ 29%]
tests/test_event_parser.py::TestEventParser::test_parse_delete_event PASSED [ 29%]
tests/test_event_parser.py::TestEventParser::test_parse_batch_delete PASSED [ 30%]
tests/test_event_parser.py::TestEventParser::test_parse_read_event PASSED [ 30%]
tests/test_event_parser.py::TestEventParser::test_parse_update_event PASSED [ 30%]
tests/test_event_parser.py::TestEventParser::test_parse_force_overwrite PASSED [ 31%]
tests/test_event_parser.py::TestEventParser::test_parse_unknown_event PASSED [ 31%]
tests/test_event_parser.py::TestEventParser::test_parse_execute_event PASSED [ 32%]
tests/test_event_parser.py::TestEventParser::test_parse_query_event PASSED [ 32%]
tests/test_policy_modulator.py::TestPolicyModulator::test_base_policy PASSED [ 32%]
tests/test_policy_modulator.py::TestPolicyModulator::test_high_threat_reduces_risk_threshold PASSED [ 33%]
tests/test_policy_modulator.py::TestPolicyModulator::test_high_anxiety_increases_verification PASSED [ 33%]
tests/test_policy_modulator.py::TestPolicyModulator::test_low_confidence_requires_review PASSED [ 34%]
tests/test_policy_modulator.py::TestPolicyModulator::test_high_curiosity_increases_exploration PASSED [ 34%]
tests/test_policy_modulator.py::TestPolicyModulator::test_requires_confirmation_adds_verification PASSED [ 34%]
tests/test_policy_modulator.py::TestPolicyModulator::test_memory_influence PASSED [ 35%]
tests/test_policy_modulator.py::TestPolicyModulator::test_policy_description PASSED [ 35%]
tests/test_recovery_policy.py::TestRecoveryPolicy::test_apply_evidence_recovery_positive_state PASSED [ 36%]
tests/test_recovery_policy.py::TestRecoveryPolicy::test_apply_evidence_recovery_negative_state PASSED [ 36%]
tests/test_recovery_policy.py::TestRecoveryPolicy::test_consecutive_success_increase_recovery PASSED [ 36%]
tests/test_recovery_policy.py::TestRecoveryPolicy::test_apply_evidence_to_multiple_states PASSED [ 37%]
tests/test_recovery_policy.py::TestRecoveryPolicy::test_get_recovery_vs_collapse_ratio PASSED [ 37%]
tests/test_recovery_policy.py::TestRecoveryPolicy::test_calculate_recovery_trajectory PASSED [ 38%]
tests/test_safe_action_calibrator.py::TestTier1StrictDestructive::test_delete_enforced PASSED [ 38%]
tests/test_safe_action_calibrator.py::TestTier1StrictDestructive::test_drop_enforced PASSED [ 38%]
tests/test_safe_action_calibrator.py::TestTier1StrictDestructive::test_force_push_enforced PASSED [ 39%]
tests/test_safe_action_calibrator.py::TestTier1StrictDestructive::test_overwrite_enforced PASSED [ 39%]
tests/test_safe_action_calibrator.py::TestTier1StrictDestructive::test_migrate_enforced PASSED [ 40%]
tests/test_safe_action_calibrator.py::TestTier1StrictMutation::test_modify_enforced PASSED [ 40%]
tests/test_safe_action_calibrator.py::TestTier1StrictMutation::test_deploy_enforced PASSED [ 40%]
tests/test_safe_action_calibrator.py::TestTier1StrictMutation::test_update_enforced PASSED [ 41%]
tests/test_safe_action_calibrator.py::TestTier1StrictMutation::test_disable_enforced PASSED [ 41%]
tests/test_safe_action_calibrator.py::TestTier1StrictMutation::test_enable_enforced PASSED [ 42%]
tests/test_safe_action_calibrator.py::TestTier1StrictMutation::test_optimize_enforced PASSED [ 42%]
tests/test_safe_action_calibrator.py::TestTier1StrictMutation::test_change_word_boundary PASSED [ 42%]
tests/test_safe_action_calibrator.py::TestTier1StrictSensitive::test_password_read_blocked PASSED [ 43%]
tests/test_safe_action_calibrator.py::TestTier1StrictSensitive::test_credential_query_blocked PASSED [ 43%]
tests/test_safe_action_calibrator.py::TestTier1StrictSensitive::test_no_sensitive_in_log_read PASSED [ 44%]
tests/test_safe_action_calibrator.py::TestTier1StrictSensitive::test_non_secret_not_sensitive PASSED [ 44%]
tests/test_safe_action_calibrator.py::TestTier1StrictUntrustedAdvice::test_source_b_blocked PASSED [ 44%]
tests/test_safe_action_calibrator.py::TestTier1StrictUntrustedAdvice::test_unknown_source_blocked PASSED [ 45%]
tests/test_safe_action_calibrator.py::TestTier1StrictUntrustedAdvice::test_external_forum_blocked PASSED [ 45%]
tests/test_safe_action_calibrator.py::TestTier1StrictUntrustedAdvice::test_trusted_source_not_blocked PASSED [ 46%]
tests/test_safe_action_calibrator.py::TestTier1StrictHighStakes::test_production_database_blocked PASSED [ 46%]
tests/test_safe_action_calibrator.py::TestTier1StrictHighStakes::test_payment_blocked PASSED [ 46%]
tests/test_safe_action_calibrator.py::TestTier1StrictHighStakes::test_no_high_stakes_in_safe PASSED [ 47%]
tests/test_safe_action_calibrator.py::TestTier1StrictSecurityContext::test_ssl_blocked PASSED [ 47%]
tests/test_safe_action_calibrator.py::TestTier1StrictSecurityContext::test_certificate_blocked PASSED [ 48%]
tests/test_safe_action_calibrator.py::TestTier1StrictSecurityContext::test_auth_blocked PASSED [ 48%]
tests/test_safe_action_calibrator.py::TestTier1StrictSecurityContext::test_no_security_context_in_safe PASSED [ 48%]
tests/test_safe_action_calibrator.py::TestTier2SafeAutoExecute::test_read_log_auto_executes PASSED [ 49%]
tests/test_safe_action_calibrator.py::TestTier2SafeAutoExecute::test_query_server_status_auto_executes PASSED [ 49%]
tests/test_safe_action_calibrator.py::TestTier2SafeAutoExecute::test_check_system_health_auto_executes PASSED [ 50%]
tests/test_safe_action_calibrator.py::TestTier2SafeAutoExecute::test_show_status_auto_executes PASSED [ 50%]
tests/test_safe_action_calibrator.py::TestTier2SafeAutoExecute::test_list_directory_auto_executes PASSED [ 51%]
tests/test_safe_action_calibrator.py::TestTier2SafeAutoExecute::test_view_config_auto_executes PASSED [ 51%]
tests/test_safe_action_calibrator.py::TestTier2SafeAutoExecute::test_preview_file_changes_auto_executes PASSED [ 51%]
tests/test_safe_action_calibrator.py::TestTier2SafeAutoExecute::test_dry_run_auto_executes PASSED [ 52%]
tests/test_safe_action_calibrator.py::TestTier2SafeAutoExecute::test_dry_run_underscore_auto_executes PASSED [ 52%]
tests/test_safe_action_calibrator.py::TestTier2SafeAutoExecute::test_max_safe_verification_configurable PASSED [ 53%]
tests/test_safe_action_calibrator.py::TestTier2SafeAutoExecute::test_no_safe_verb_no_auto_execute PASSED [ 53%]
tests/test_safe_action_calibrator.py::TestTier3AmbiguousDefaultCautious::test_ambiguous_no_safe_verb PASSED [ 53%]
tests/test_safe_action_calibrator.py::TestTier3AmbiguousDefaultCautious::test_ambiguous_preserves_human_review PASSED [ 54%]
tests/test_safe_action_calibrator.py::TestTier3AmbiguousDefaultCautious::test_ambiguous_sets_simulate_before_act PASSED [ 54%]
tests/test_safe_action_calibrator.py::TestTierPriority::test_strict_overrides_safe_verb PASSED [ 55%]
tests/test_safe_action_calibrator.py::TestTierPriority::test_strict_destructive_overrides_safe_verb PASSED [ 55%]
tests/test_safe_action_calibrator.py::TestTierPriority::test_high_stakes_overrides_safe_verb PASSED [ 55%]
tests/test_safe_action_calibrator.py::TestTierPriority::test_security_context_overrides_safe_verb PASSED [ 56%]
tests/test_safe_action_calibrator.py::TestTierPriority::test_destructive_before_mutation PASSED [ 56%]
tests/test_safe_action_calibrator.py::TestTierPriority::test_mutation_before_sensitive PASSED [ 57%]
tests/test_safe_action_calibrator.py::TestWordBoundary::test_changes_not_change PASSED [ 57%]
tests/test_safe_action_calibrator.py::TestWordBoundary::test_ssl_not_list PASSED [ 57%]
tests/test_safe_action_calibrator.py::TestWordBoundary::test_installed_not_install PASSED [ 58%]
tests/test_safe_action_calibrator.py::TestCalibrationResult::test_creation PASSED [ 58%]
tests/test_safe_action_calibrator.py::TestCalibrationResult::test_not_calibrated_result PASSED [ 59%]
tests/test_safe_action_calibrator.py::TestApplyCalibration::test_apply_safe_calibration PASSED [ 59%]
tests/test_safe_action_calibrator.py::TestApplyCalibration::test_apply_ambiguous_sets_simulate PASSED [ 59%]
tests/test_self_state_manager.py::TestSelfStateManager::test_initial_state PASSED [ 60%]
tests/test_self_state_manager.py::TestSelfStateManager::test_update_from_consequence_increases_threat PASSED [ 60%]
tests/test_self_state_manager.py::TestSelfStateManager::test_decay_reduces_threat PASSED [ 61%]
tests/test_self_state_manager.py::TestSelfStateManager::test_recover_trust PASSED [ 61%]
tests/test_self_state_manager.py::TestSelfStateManager::test_boost_confidence PASSED [ 61%]
tests/test_self_state_manager.py::TestSelfStateManager::test_exploration_rate_calculation PASSED [ 62%]
tests/test_self_state_manager.py::TestSelfStateManager::test_state_to_dict PASSED [ 62%]
tests/test_self_state_manager.py::TestSelfStateManager::test_state_clamp_boundaries PASSED [ 63%]
tests/test_self_state_manager.py::TestSelfStateManager::test_history_recording PASSED [ 63%]
tests/test_state_trajectory_logger.py::TestStateTrajectoryLogger::test_log_single_step PASSED [ 63%]
tests/test_state_trajectory_logger.py::TestStateTrajectoryLogger::test_log_multiple_steps PASSED [ 64%]
tests/test_state_trajectory_logger.py::TestStateTrajectoryLogger::test_export_json PASSED [ 64%]
tests/test_state_trajectory_logger.py::TestStateTrajectoryLogger::test_export_csv PASSED [ 65%]
tests/test_state_trajectory_logger.py::TestStateTrajectoryLogger::test_export_csv_state_only PASSED [ 65%]
tests/test_state_trajectory_logger.py::TestStateTrajectoryLogger::test_get_state_trajectory PASSED [ 65%]
tests/test_state_trajectory_logger.py::TestStateTrajectoryLogger::test_reset PASSED [ 66%]
tests/test_v0_2_demos.py::TestV02Demos::test_fear_decay_scenario PASSED  [ 66%]
tests/test_v0_2_demos.py::TestV02Demos::test_trust_recovery_scenario PASSED [ 67%]
tests/test_v0_2_demos.py::TestV02Demos::test_high_weight_memories_decay_slower PASSED [ 67%]
tests/test_v0_3.py::TestEventSimilarity::test_encode_event_delete PASSED [ 67%]
tests/test_v0_3.py::TestEventSimilarity::test_encode_event_safe PASSED   [ 68%]
tests/test_v0_3.py::TestEventSimilarity::test_calculate_similarity_identical PASSED [ 68%]
tests/test_v0_3.py::TestEventSimilarity::test_calculate_similarity_different PASSED [ 69%]
tests/test_v0_3.py::TestEventSimilarity::test_find_similar_events PASSED [ 69%]
tests/test_v0_3.py::TestAffectiveSpread::test_register_affective_memory PASSED [ 69%]
tests/test_v0_3.py::TestAffectiveSpread::test_spread_affect PASSED       [ 70%]
tests/test_v0_3.py::TestAffectiveSpread::test_get_event_threat_adjustment PASSED [ 70%]
tests/test_v0_3.py::TestSemanticRiskMap::test_encode_event PASSED        [ 71%]
tests/test_v0_3.py::TestSemanticRiskMap::test_record_experience PASSED   [ 71%]
tests/test_v0_3.py::TestSemanticRiskMap::test_predict_risk PASSED        [ 71%]
tests/test_v0_3.py::TestSemanticRiskMap::test_calculate_risk_distance PASSED [ 72%]
tests/test_v0_4.py::TestConflictDetector::test_detect_no_conflict PASSED [ 72%]
tests/test_v0_4.py::TestConflictDetector::test_detect_high_conflict PASSED [ 73%]
tests/test_v0_4.py::TestConflictDetector::test_conflict_recommendations PASSED [ 73%]
tests/test_v0_4.py::TestHesitationPolicy::test_generate_no_actions_for_none PASSED [ 73%]
tests/test_v0_4.py::TestHesitationPolicy::test_generate_actions_for_high_conflict PASSED [ 74%]
tests/test_v0_4.py::TestHesitationPolicy::test_should_proceed PASSED     [ 74%]
tests/test_v0_4.py::TestCounterfactualSimulator::test_simulate_outcomes PASSED [ 75%]
tests/test_v0_4.py::TestCounterfactualSimulator::test_simulate_dangerous_action PASSED [ 75%]
tests/test_v0_4.py::TestCounterfactualSimulator::test_generate_risk_explanation PASSED [ 75%]
tests/test_v0_4.py::TestCounterfactualSimulator::test_what_if_analysis PASSED [ 76%]
tests/test_v0_5.py::TestMockOpenAIProvider::test_chat_completion PASSED  [ 76%]
tests/test_v0_5.py::TestMockOpenAIProvider::test_context_aware_response PASSED [ 77%]
tests/test_v0_5.py::TestPromptModulator::test_modulate_prompt PASSED     [ 77%]
tests/test_v0_5.py::TestPromptModulator::test_inject_state_context PASSED [ 77%]
tests/test_v0_5.py::TestPromptModulator::test_generate_affective_prefix PASSED [ 78%]
tests/test_v0_5.py::TestLLMOutputGuard::test_validate_safe_output PASSED [ 78%]
tests/test_v0_5.py::TestLLMOutputGuard::test_validate_dangerous_output PASSED [ 79%]
tests/test_v0_5.py::TestLLMOutputGuard::test_check_risk_level PASSED     [ 79%]
tests/test_v0_5.py::TestLLMPlanner::test_plan_basic PASSED               [ 79%]
tests/test_v0_5.py::TestLLMPlanner::test_plan_safely PASSED              [ 80%]
tests/test_v0_6.py::TestAffectiveBenchmark::test_initialization PASSED   [ 80%]
tests/test_v0_6.py::TestAffectiveBenchmark::test_task_distribution PASSED [ 81%]
tests/test_v0_6.py::TestAffectiveBenchmark::test_run_benchmark PASSED    [ 81%]
tests/test_v0_6.py::TestAffectiveBenchmark::test_calculate_metrics PASSED [ 81%]
tests/test_v0_6.py::TestAffectiveBenchmark::test_generate_comparison_table PASSED [ 82%]
tests/test_v0_7.py::TestPhoenixIntegration::test_process_task_trajectory_success PASSED [ 82%]
tests/test_v0_7.py::TestPhoenixIntegration::test_process_task_trajectory_failure PASSED [ 83%]
tests/test_v0_7.py::TestPhoenixIntegration::test_process_failure_attribution PASSED [ 83%]
tests/test_v0_7.py::TestAgentShieldIntegration::test_process_risk_propagation PASSED [ 83%]
tests/test_v0_7.py::TestAgentShieldIntegration::test_process_whatif_analysis PASSED [ 84%]
tests/test_v0_7.py::TestAffectiveStateSync::test_sync_from_external_phoenix PASSED [ 84%]
tests/test_v0_7.py::TestAffectiveStateSync::test_sync_from_external_shield PASSED [ 85%]
tests/test_v0_7.py::TestAffectiveStateSync::test_sync_to_external PASSED [ 85%]
tests/test_v0_9_1_calibration.py::TestV091Calibration::test_full_affective_uses_calibrator PASSED [ 85%]
tests/test_v0_9_1_calibration.py::TestV091Calibration::test_safe_action_auto_executes PASSED [ 86%]
tests/test_v0_9_1_calibration.py::TestV091Calibration::test_safe_query_auto_executes PASSED [ 86%]
tests/test_v0_9_1_calibration.py::TestV091Calibration::test_safe_check_auto_executes PASSED [ 87%]
tests/test_v0_9_1_calibration.py::TestV091Calibration::test_safe_show_auto_executes PASSED [ 87%]
tests/test_v0_9_1_calibration.py::TestV091Calibration::test_safe_list_auto_executes PASSED [ 87%]
tests/test_v0_9_1_calibration.py::TestV091Calibration::test_safe_view_auto_executes PASSED [ 88%]
tests/test_v0_9_1_calibration.py::TestV091Calibration::test_dangerous_action_still_protected PASSED [ 88%]
tests/test_v0_9_1_calibration.py::TestV091Calibration::test_force_push_still_protected PASSED [ 89%]
tests/test_v0_9_1_calibration.py::TestV091Calibration::test_drop_table_still_protected PASSED [ 89%]
tests/test_v0_9_1_calibration.py::TestV091Calibration::test_sensitive_read_still_protected PASSED [ 89%]
tests/test_v0_9_1_calibration.py::TestV091Calibration::test_credential_query_still_protected PASSED [ 90%]
tests/test_v0_9_1_calibration.py::TestV091Calibration::test_modify_still_protected PASSED [ 90%]
tests/test_v0_9_1_calibration.py::TestV091Calibration::test_deploy_still_protected PASSED [ 91%]
tests/test_v0_9_1_calibration.py::TestV091Calibration::test_disable_ssl_still_protected PASSED [ 91%]
tests/test_v0_9_1_calibration.py::TestV091Calibration::test_high_stakes_context_protected PASSED [ 91%]
tests/test_v0_9_1_calibration.py::TestV091Calibration::test_security_context_protected PASSED [ 92%]
tests/test_v0_9_1_calibration.py::TestV091Calibration::test_untrusted_advice_protected PASSED [ 92%]
tests/test_v0_9_1_calibration.py::TestV091Calibration::test_risky_auto_exec_rate_below_threshold PASSED [ 93%]
tests/test_v0_9_1_calibration.py::TestV091Calibration::test_false_over_caution_rate_below_threshold PASSED [ 93%]
tests/test_v0_9_1_calibration.py::TestV091Calibration::test_verification_appropriateness_above_threshold PASSED [ 93%]
tests/test_v0_9_1_calibration.py::TestV091Calibration::test_composite_score_above_threshold PASSED [ 94%]
tests/test_v0_9_1_calibration.py::TestV091Calibration::test_calibrator_reset_on_agent_reset PASSED [ 94%]
tests/test_v0_9_1_calibration.py::TestV091BehavioralClaims::test_no_subjective_emotion_claim PASSED [ 95%]
tests/test_v0_9_affectivebench.py::TestV09Integration::test_full_pipeline_runs PASSED [ 95%]
tests/test_v0_9_affectivebench.py::TestV09Integration::test_metrics_computed_for_all_agents PASSED [ 95%]
tests/test_v0_9_affectivebench.py::TestV09Integration::test_plain_agent_highest_risky_auto_exec PASSED [ 96%]
tests/test_v0_9_affectivebench.py::TestV09Integration::test_full_affective_better_balance PASSED [ 96%]
tests/test_v0_9_affectivebench.py::TestV09Integration::test_reporter_generates_table PASSED [ 97%]
tests/test_v0_9_affectivebench.py::TestV09Integration::test_reporter_generates_report PASSED [ 97%]
tests/test_v0_9_affectivebench.py::TestV09Integration::test_category_breakdown_exists PASSED [ 97%]
tests/test_v0_9_affectivebench.py::TestV09Integration::test_results_saveable PASSED [ 98%]
tests/test_v0_9_affectivebench.py::TestV09Integration::test_composite_score_ordering PASSED [ 98%]
tests/test_v0_9_affectivebench.py::TestV09BehavioralClaims::test_no_subjective_emotion_claim PASSED [ 99%]
tests/test_v0_9_affectivebench.py::TestV09BehavioralClaims::test_report_contains_limitations PASSED [ 99%]
tests/test_v0_9_affectivebench.py::TestV09BehavioralClaims::test_report_mentions_behavioral_experiment PASSED [100%]

============================= 249 passed in 1.01s ==============================
